D:\DOWNLOAD\RECAST-UNITY\RECASTSERVERDEMO\BIN\RECAST.EXE
D:\DOWNLOAD\RECAST-UNITY\RECASTSERVERDEMO\BIN\RECAST.PDB
D:\DOWNLOAD\RECAST-UNITY\RECASTSERVERDEMO\BUILD\VC10\RELEASE\CHUNKYTRIMESH.OBJ
D:\DOWNLOAD\RECAST-UNITY\RECASTSERVERDEMO\BUILD\VC10\RELEASE\CONVEXVOLUMETOOL.OBJ
D:\DOWNLOAD\RECAST-UNITY\RECASTSERVERDEMO\BUILD\VC10\RELEASE\CROWDTOOL.OBJ
D:\DOWNLOAD\RECAST-UNITY\RECASTSERVERDEMO\BUILD\VC10\RELEASE\DEBUGDRAW.OBJ
D:\DOWNLOAD\RECAST-UNITY\RECASTSERVERDEMO\BUILD\VC10\RELEASE\DETOURALLOC.OBJ
D:\DOWNLOAD\RECAST-UNITY\RECASTSERVERDEMO\BUILD\VC10\RELEASE\DETOURCOMMON.OBJ
D:\DOWNLOAD\RECAST-UNITY\RECASTSERVERDEMO\BUILD\VC10\RELEASE\DETOURCROWD.OBJ
D:\DOWNLOAD\RECAST-UNITY\RECASTSERVERDEMO\BUILD\VC10\RELEASE\DETOURDEBUGDRAW-SERVER.OBJ
D:\DOWNLOAD\RECAST-UNITY\RECASTSERVERDEMO\BUILD\VC10\RELEASE\DETOURLOCALBOUNDARY.OBJ
D:\DOWNLOAD\RECAST-UNITY\RECASTSERVERDEMO\BUILD\VC10\RELEASE\DETOURNAVMESH.OBJ
D:\DOWNLOAD\RECAST-UNITY\RECASTSERVERDEMO\BUILD\VC10\RELEASE\DETOURNAVMESHBUILDER.OBJ
D:\DOWNLOAD\RECAST-UNITY\RECASTSERVERDEMO\BUILD\VC10\RELEASE\DETOURNAVMESHQUERY.OBJ
D:\DOWNLOAD\RECAST-UNITY\RECASTSERVERDEMO\BUILD\VC10\RELEASE\DETOURNODE.OBJ
D:\DOWNLOAD\RECAST-UNITY\RECASTSERVERDEMO\BUILD\VC10\RELEASE\DETOUROBSTACLEAVOIDANCE.OBJ
D:\DOWNLOAD\RECAST-UNITY\RECASTSERVERDEMO\BUILD\VC10\RELEASE\DETOURPATHCORRIDOR.OBJ
D:\DOWNLOAD\RECAST-UNITY\RECASTSERVERDEMO\BUILD\VC10\RELEASE\DETOURPATHQUEUE.OBJ
D:\DOWNLOAD\RECAST-UNITY\RECASTSERVERDEMO\BUILD\VC10\RELEASE\DETOURPROXIMITYGRID.OBJ
D:\DOWNLOAD\RECAST-UNITY\RECASTSERVERDEMO\BUILD\VC10\RELEASE\DETOURTILECACHE.OBJ
D:\DOWNLOAD\RECAST-UNITY\RECASTSERVERDEMO\BUILD\VC10\RELEASE\DETOURTILECACHEBUILDER.OBJ
D:\DOWNLOAD\RECAST-UNITY\RECASTSERVERDEMO\BUILD\VC10\RELEASE\FASTLZ.OBJ
D:\DOWNLOAD\RECAST-UNITY\RECASTSERVERDEMO\BUILD\VC10\RELEASE\FILELIST.OBJ
D:\DOWNLOAD\RECAST-UNITY\RECASTSERVERDEMO\BUILD\VC10\RELEASE\IMGUI.OBJ
D:\DOWNLOAD\RECAST-UNITY\RECASTSERVERDEMO\BUILD\VC10\RELEASE\IMGUIRENDERGL.OBJ
D:\DOWNLOAD\RECAST-UNITY\RECASTSERVERDEMO\BUILD\VC10\RELEASE\INPUTGEOM.OBJ
D:\DOWNLOAD\RECAST-UNITY\RECASTSERVERDEMO\BUILD\VC10\RELEASE\MAIN.OBJ
D:\DOWNLOAD\RECAST-UNITY\RECASTSERVERDEMO\BUILD\VC10\RELEASE\MESHLOADEROBJ.OBJ
D:\DOWNLOAD\RECAST-UNITY\RECASTSERVERDEMO\BUILD\VC10\RELEASE\NAVMESHTESTERTOOL.OBJ
D:\DOWNLOAD\RECAST-UNITY\RECASTSERVERDEMO\BUILD\VC10\RELEASE\OFFMESHCONNECTIONTOOL.OBJ
D:\DOWNLOAD\RECAST-UNITY\RECASTSERVERDEMO\BUILD\VC10\RELEASE\PERFTIMER.OBJ
D:\DOWNLOAD\RECAST-UNITY\RECASTSERVERDEMO\BUILD\VC10\RELEASE\RECAST.EXE.INTERMEDIATE.MANIFEST
D:\DOWNLOAD\RECAST-UNITY\RECASTSERVERDEMO\BUILD\VC10\RELEASE\RECAST.OBJ
D:\DOWNLOAD\RECAST-UNITY\RECASTSERVERDEMO\BUILD\VC10\RELEASE\RECASTALLOC.OBJ
D:\DOWNLOAD\RECAST-UNITY\RECASTSERVERDEMO\BUILD\VC10\RELEASE\RECASTAREA.OBJ
D:\DOWNLOAD\RECAST-UNITY\RECASTSERVERDEMO\BUILD\VC10\RELEASE\RECASTCONTOUR.OBJ
D:\DOWNLOAD\RECAST-UNITY\RECASTSERVERDEMO\BUILD\VC10\RELEASE\RECASTDEBUGDRAW.OBJ
D:\DOWNLOAD\RECAST-UNITY\RECASTSERVERDEMO\BUILD\VC10\RELEASE\RECASTDUMP.OBJ
D:\DOWNLOAD\RECAST-UNITY\RECASTSERVERDEMO\BUILD\VC10\RELEASE\RECASTFILTER.OBJ
D:\DOWNLOAD\RECAST-UNITY\RECASTSERVERDEMO\BUILD\VC10\RELEASE\RECASTLAYERS.OBJ
D:\DOWNLOAD\RECAST-UNITY\RECASTSERVERDEMO\BUILD\VC10\RELEASE\RECASTMESH.OBJ
D:\DOWNLOAD\RECAST-UNITY\RECASTSERVERDEMO\BUILD\VC10\RELEASE\RECASTMESHDETAIL.OBJ
D:\DOWNLOAD\RECAST-UNITY\RECASTSERVERDEMO\BUILD\VC10\RELEASE\RECASTRASTERIZATION.OBJ
D:\DOWNLOAD\RECAST-UNITY\RECASTSERVERDEMO\BUILD\VC10\RELEASE\RECASTREGION.OBJ
D:\DOWNLOAD\RECAST-UNITY\RECASTSERVERDEMO\BUILD\VC10\RELEASE\SAMPLE.OBJ
D:\DOWNLOAD\RECAST-UNITY\RECASTSERVERDEMO\BUILD\VC10\RELEASE\SAMPLE_DEBUG.OBJ
D:\DOWNLOAD\RECAST-UNITY\RECASTSERVERDEMO\BUILD\VC10\RELEASE\SAMPLE_SOLOMESH.OBJ
D:\DOWNLOAD\RECAST-UNITY\RECASTSERVERDEMO\BUILD\VC10\RELEASE\SAMPLE_TEMPOBSTACLES.OBJ
D:\DOWNLOAD\RECAST-UNITY\RECASTSERVERDEMO\BUILD\VC10\RELEASE\SAMPLE_TILEMESH.OBJ
D:\DOWNLOAD\RECAST-UNITY\RECASTSERVERDEMO\BUILD\VC10\RELEASE\SAMPLEINTERFACES.OBJ
D:\DOWNLOAD\RECAST-UNITY\RECASTSERVERDEMO\BUILD\VC10\RELEASE\SLIDESHOW.OBJ
D:\DOWNLOAD\RECAST-UNITY\RECASTSERVERDEMO\BUILD\VC10\RELEASE\TESTCASE.OBJ
D:\DOWNLOAD\RECAST-UNITY\RECASTSERVERDEMO\BUILD\VC10\RELEASE\VALUEHISTORY.OBJ
D:\DOWNLOAD\RECAST-UNITY\RECASTSERVERDEMO\BUILD\VC10\RELEASE\VC100.PDB
D:\DOWNLOAD\RECAST-UNITY-SERVER\UNITYSERVERDEMO\BIN\RECAST.EXE
D:\DOWNLOAD\RECAST-UNITY-SERVER\UNITYSERVERDEMO\BIN\RECAST.PDB
D:\DOWNLOAD\RECAST-UNITY-SERVER\UNITYSERVERDEMO\BUILD\VC10\RELEASE\CHUNKYTRIMESH.OBJ
D:\Download\recast-unity-server\UnityServerDemo\Build\VC10\Release\cl.command.1.tlog
D:\Download\recast-unity-server\UnityServerDemo\Build\VC10\Release\CL.read.1.tlog
D:\Download\recast-unity-server\UnityServerDemo\Build\VC10\Release\CL.write.1.tlog
D:\DOWNLOAD\RECAST-UNITY-SERVER\UNITYSERVERDEMO\BUILD\VC10\RELEASE\CONVEXVOLUMETOOL.OBJ
D:\DOWNLOAD\RECAST-UNITY-SERVER\UNITYSERVERDEMO\BUILD\VC10\RELEASE\CROWDTOOL.OBJ
D:\DOWNLOAD\RECAST-UNITY-SERVER\UNITYSERVERDEMO\BUILD\VC10\RELEASE\DEBUGDRAW.OBJ
D:\DOWNLOAD\RECAST-UNITY-SERVER\UNITYSERVERDEMO\BUILD\VC10\RELEASE\DETOURALLOC.OBJ
D:\DOWNLOAD\RECAST-UNITY-SERVER\UNITYSERVERDEMO\BUILD\VC10\RELEASE\DETOURCOMMON.OBJ
D:\DOWNLOAD\RECAST-UNITY-SERVER\UNITYSERVERDEMO\BUILD\VC10\RELEASE\DETOURCROWD.OBJ
D:\DOWNLOAD\RECAST-UNITY-SERVER\UNITYSERVERDEMO\BUILD\VC10\RELEASE\DETOURDEBUGDRAW-SERVER.OBJ
D:\DOWNLOAD\RECAST-UNITY-SERVER\UNITYSERVERDEMO\BUILD\VC10\RELEASE\DETOURLOCALBOUNDARY.OBJ
D:\DOWNLOAD\RECAST-UNITY-SERVER\UNITYSERVERDEMO\BUILD\VC10\RELEASE\DETOURNAVMESH.OBJ
D:\DOWNLOAD\RECAST-UNITY-SERVER\UNITYSERVERDEMO\BUILD\VC10\RELEASE\DETOURNAVMESHBUILDER.OBJ
D:\DOWNLOAD\RECAST-UNITY-SERVER\UNITYSERVERDEMO\BUILD\VC10\RELEASE\DETOURNAVMESHQUERY.OBJ
D:\DOWNLOAD\RECAST-UNITY-SERVER\UNITYSERVERDEMO\BUILD\VC10\RELEASE\DETOURNODE.OBJ
D:\DOWNLOAD\RECAST-UNITY-SERVER\UNITYSERVERDEMO\BUILD\VC10\RELEASE\DETOUROBSTACLEAVOIDANCE.OBJ
D:\DOWNLOAD\RECAST-UNITY-SERVER\UNITYSERVERDEMO\BUILD\VC10\RELEASE\DETOURPATHCORRIDOR.OBJ
D:\DOWNLOAD\RECAST-UNITY-SERVER\UNITYSERVERDEMO\BUILD\VC10\RELEASE\DETOURPATHQUEUE.OBJ
D:\DOWNLOAD\RECAST-UNITY-SERVER\UNITYSERVERDEMO\BUILD\VC10\RELEASE\DETOURPROXIMITYGRID.OBJ
D:\DOWNLOAD\RECAST-UNITY-SERVER\UNITYSERVERDEMO\BUILD\VC10\RELEASE\DETOURTILECACHE.OBJ
D:\DOWNLOAD\RECAST-UNITY-SERVER\UNITYSERVERDEMO\BUILD\VC10\RELEASE\DETOURTILECACHEBUILDER.OBJ
D:\DOWNLOAD\RECAST-UNITY-SERVER\UNITYSERVERDEMO\BUILD\VC10\RELEASE\FASTLZ.OBJ
D:\DOWNLOAD\RECAST-UNITY-SERVER\UNITYSERVERDEMO\BUILD\VC10\RELEASE\FILELIST.OBJ
D:\DOWNLOAD\RECAST-UNITY-SERVER\UNITYSERVERDEMO\BUILD\VC10\RELEASE\IMGUI.OBJ
D:\DOWNLOAD\RECAST-UNITY-SERVER\UNITYSERVERDEMO\BUILD\VC10\RELEASE\IMGUIRENDERGL.OBJ
D:\DOWNLOAD\RECAST-UNITY-SERVER\UNITYSERVERDEMO\BUILD\VC10\RELEASE\INPUTGEOM.OBJ
D:\Download\recast-unity-server\UnityServerDemo\Build\VC10\Release\link.command.1.tlog
D:\Download\recast-unity-server\UnityServerDemo\Build\VC10\Release\link.read.1.tlog
D:\Download\recast-unity-server\UnityServerDemo\Build\VC10\Release\link.write.1.tlog
D:\DOWNLOAD\RECAST-UNITY-SERVER\UNITYSERVERDEMO\BUILD\VC10\RELEASE\MAIN.OBJ
D:\DOWNLOAD\RECAST-UNITY-SERVER\UNITYSERVERDEMO\BUILD\VC10\RELEASE\MESHLOADEROBJ.OBJ
D:\Download\recast-unity-server\UnityServerDemo\Build\VC10\Release\mt.command.1.tlog
D:\Download\recast-unity-server\UnityServerDemo\Build\VC10\Release\mt.read.1.tlog
D:\Download\recast-unity-server\UnityServerDemo\Build\VC10\Release\mt.write.1.tlog
D:\DOWNLOAD\RECAST-UNITY-SERVER\UNITYSERVERDEMO\BUILD\VC10\RELEASE\NAVMESHTESTERTOOL.OBJ
D:\DOWNLOAD\RECAST-UNITY-SERVER\UNITYSERVERDEMO\BUILD\VC10\RELEASE\OFFMESHCONNECTIONTOOL.OBJ
D:\DOWNLOAD\RECAST-UNITY-SERVER\UNITYSERVERDEMO\BUILD\VC10\RELEASE\PERFTIMER.OBJ
D:\DOWNLOAD\RECAST-UNITY-SERVER\UNITYSERVERDEMO\BUILD\VC10\RELEASE\RECAST.EXE.INTERMEDIATE.MANIFEST
D:\DOWNLOAD\RECAST-UNITY-SERVER\UNITYSERVERDEMO\BUILD\VC10\RELEASE\RECAST.OBJ
D:\Download\recast-unity-server\UnityServerDemo\Build\VC10\Release\Recast.write.1.tlog
D:\DOWNLOAD\RECAST-UNITY-SERVER\UNITYSERVERDEMO\BUILD\VC10\RELEASE\RECASTALLOC.OBJ
D:\DOWNLOAD\RECAST-UNITY-SERVER\UNITYSERVERDEMO\BUILD\VC10\RELEASE\RECASTAREA.OBJ
D:\DOWNLOAD\RECAST-UNITY-SERVER\UNITYSERVERDEMO\BUILD\VC10\RELEASE\RECASTCONTOUR.OBJ
D:\DOWNLOAD\RECAST-UNITY-SERVER\UNITYSERVERDEMO\BUILD\VC10\RELEASE\RECASTDEBUGDRAW.OBJ
D:\DOWNLOAD\RECAST-UNITY-SERVER\UNITYSERVERDEMO\BUILD\VC10\RELEASE\RECASTDUMP.OBJ
D:\DOWNLOAD\RECAST-UNITY-SERVER\UNITYSERVERDEMO\BUILD\VC10\RELEASE\RECASTFILTER.OBJ
D:\DOWNLOAD\RECAST-UNITY-SERVER\UNITYSERVERDEMO\BUILD\VC10\RELEASE\RECASTLAYERS.OBJ
D:\DOWNLOAD\RECAST-UNITY-SERVER\UNITYSERVERDEMO\BUILD\VC10\RELEASE\RECASTMESH.OBJ
D:\DOWNLOAD\RECAST-UNITY-SERVER\UNITYSERVERDEMO\BUILD\VC10\RELEASE\RECASTMESHDETAIL.OBJ
D:\DOWNLOAD\RECAST-UNITY-SERVER\UNITYSERVERDEMO\BUILD\VC10\RELEASE\RECASTRASTERIZATION.OBJ
D:\DOWNLOAD\RECAST-UNITY-SERVER\UNITYSERVERDEMO\BUILD\VC10\RELEASE\RECASTREGION.OBJ
D:\DOWNLOAD\RECAST-UNITY-SERVER\UNITYSERVERDEMO\BUILD\VC10\RELEASE\SAMPLE.OBJ
D:\DOWNLOAD\RECAST-UNITY-SERVER\UNITYSERVERDEMO\BUILD\VC10\RELEASE\SAMPLE_DEBUG.OBJ
D:\DOWNLOAD\RECAST-UNITY-SERVER\UNITYSERVERDEMO\BUILD\VC10\RELEASE\SAMPLE_SOLOMESH.OBJ
D:\DOWNLOAD\RECAST-UNITY-SERVER\UNITYSERVERDEMO\BUILD\VC10\RELEASE\SAMPLE_TEMPOBSTACLES.OBJ
D:\DOWNLOAD\RECAST-UNITY-SERVER\UNITYSERVERDEMO\BUILD\VC10\RELEASE\SAMPLE_TILEMESH.OBJ
D:\DOWNLOAD\RECAST-UNITY-SERVER\UNITYSERVERDEMO\BUILD\VC10\RELEASE\SAMPLEINTERFACES.OBJ
D:\DOWNLOAD\RECAST-UNITY-SERVER\UNITYSERVERDEMO\BUILD\VC10\RELEASE\SLIDESHOW.OBJ
D:\DOWNLOAD\RECAST-UNITY-SERVER\UNITYSERVERDEMO\BUILD\VC10\RELEASE\TESTCASE.OBJ
D:\DOWNLOAD\RECAST-UNITY-SERVER\UNITYSERVERDEMO\BUILD\VC10\RELEASE\VALUEHISTORY.OBJ
D:\DOWNLOAD\RECAST-UNITY-SERVER\UNITYSERVERDEMO\BUILD\VC10\RELEASE\VC100.PDB
