c:\workspace\recast-unity-server\unitybuild\vs2010\recast-unity\x64\release\vc140.pdb
c:\workspace\recast-unity-server\unitybuild\vs2010\recast-unity\x64\release\inputgeom.obj
c:\workspace\recast-unity-server\unitybuild\vs2010\recast-unity\x64\release\chunkytrimesh.obj
c:\workspace\recast-unity-server\unitybuild\vs2010\recast-unity\x64\release\detournode.obj
c:\workspace\recast-unity-server\unitybuild\vs2010\recast-unity\x64\release\detournavmeshquery.obj
c:\workspace\recast-unity-server\unitybuild\vs2010\recast-unity\x64\release\detournavmeshbuilder.obj
c:\workspace\recast-unity-server\unitybuild\vs2010\recast-unity\x64\release\detournavmesh.obj
c:\workspace\recast-unity-server\unitybuild\vs2010\recast-unity\x64\release\detourcommon.obj
c:\workspace\recast-unity-server\unitybuild\vs2010\recast-unity\x64\release\detouralloc.obj
c:\workspace\recast-unity-server\unitybuild\vs2010\recast-unity\x64\release\detourtilecachebuilder.obj
c:\workspace\recast-unity-server\unitybuild\vs2010\recast-unity\x64\release\detourtilecache.obj
c:\workspace\recast-unity-server\unitybuild\vs2010\recast-unity\x64\release\detourproximitygrid.obj
c:\workspace\recast-unity-server\unitybuild\vs2010\recast-unity\x64\release\detourpathqueue.obj
c:\workspace\recast-unity-server\unitybuild\vs2010\recast-unity\x64\release\detourpathcorridor.obj
c:\workspace\recast-unity-server\unitybuild\vs2010\recast-unity\x64\release\detourobstacleavoidance.obj
c:\workspace\recast-unity-server\unitybuild\vs2010\recast-unity\x64\release\detourlocalboundary.obj
c:\workspace\recast-unity-server\unitybuild\vs2010\recast-unity\x64\release\detourcrowd.obj
c:\workspace\recast-unity-server\unitybuild\vs2010\recast-unity\x64\release\recastdump.obj
c:\workspace\recast-unity-server\unitybuild\vs2010\recast-unity\x64\release\recastdebugdraw.obj
c:\workspace\recast-unity-server\unitybuild\vs2010\recast-unity\x64\release\detourdebugdraw.obj
c:\workspace\recast-unity-server\unitybuild\vs2010\recast-unity\x64\release\debugdraw.obj
c:\workspace\recast-unity-server\unitybuild\vs2010\recast-unity\x64\release\recastregion.obj
c:\workspace\recast-unity-server\unitybuild\vs2010\recast-unity\x64\release\recastrasterization.obj
c:\workspace\recast-unity-server\unitybuild\vs2010\recast-unity\x64\release\recastmeshdetail.obj
c:\workspace\recast-unity-server\unitybuild\vs2010\recast-unity\x64\release\recastmesh.obj
c:\workspace\recast-unity-server\unitybuild\vs2010\recast-unity\x64\release\recastlayers.obj
c:\workspace\recast-unity-server\unitybuild\vs2010\recast-unity\x64\release\recastfilter.obj
c:\workspace\recast-unity-server\unitybuild\vs2010\recast-unity\x64\release\recastcontour.obj
c:\workspace\recast-unity-server\unitybuild\vs2010\recast-unity\x64\release\recastarea.obj
c:\workspace\recast-unity-server\unitybuild\vs2010\recast-unity\x64\release\recastalloc.obj
c:\workspace\recast-unity-server\unitybuild\vs2010\recast-unity\x64\release\recast.obj
c:\workspace\recast-unity-server\unitybuild\vs2010\recast-unity\x64\release\unitytilemesh.obj
c:\workspace\recast-unity-server\unitybuild\vs2010\recast-unity\x64\release\unityplugininterface.obj
c:\workspace\recast-unity-server\unitybuild\vs2010\recast-unity\x64\release\unitynavmesh.obj
c:\workspace\recast-unity-server\unitybuild\vs2010\recast-unity\x64\release\unityinputmesh.obj
c:\workspace\recast-unity-server\unitybuild\vs2010\x64\release\recast-unity.dll
c:\workspace\recast-unity-server\unitybuild\vs2010\x64\release\recast-unity.ipdb
c:\workspace\recast-unity-server\unitybuild\vs2010\x64\release\recast-unity.iobj
c:\workspace\recast-unity-server\unitybuild\vs2010\x64\release\recast-unity.pdb
c:\workspace\recast-unity-server\unitybuild\vs2010\x64\release\recast-unity.lib
c:\workspace\recast-unity-server\unitybuild\vs2010\x64\release\recast-unity.exp
c:\workspace\recast-unity-server\unitybuild\vs2010\recast-unity\x64\release\recast-unity.tlog\cl.command.1.tlog
c:\workspace\recast-unity-server\unitybuild\vs2010\recast-unity\x64\release\recast-unity.tlog\cl.read.1.tlog
c:\workspace\recast-unity-server\unitybuild\vs2010\recast-unity\x64\release\recast-unity.tlog\cl.write.1.tlog
c:\workspace\recast-unity-server\unitybuild\vs2010\recast-unity\x64\release\recast-unity.tlog\link.command.1.tlog
c:\workspace\recast-unity-server\unitybuild\vs2010\recast-unity\x64\release\recast-unity.tlog\link.read.1.tlog
c:\workspace\recast-unity-server\unitybuild\vs2010\recast-unity\x64\release\recast-unity.tlog\link.write.1.tlog
c:\workspace\recast-unity-server\unitybuild\vs2010\recast-unity\x64\release\recast-unity.tlog\recast-unity.write.1u.tlog
