c:\workspace\recast-unity-server\unityserverdemo\build\vc10\debug\vc140.pdb
c:\workspace\recast-unity-server\unityserverdemo\build\vc10\debug\convexvolumetool.obj
c:\workspace\recast-unity-server\unityserverdemo\build\vc10\debug\chunkytrimesh.obj
c:\workspace\recast-unity-server\unityserverdemo\build\vc10\debug\detournode.obj
c:\workspace\recast-unity-server\unityserverdemo\build\vc10\debug\detournavmeshquery.obj
c:\workspace\recast-unity-server\unityserverdemo\build\vc10\debug\detournavmeshbuilder.obj
c:\workspace\recast-unity-server\unityserverdemo\build\vc10\debug\detournavmesh.obj
c:\workspace\recast-unity-server\unityserverdemo\build\vc10\debug\detourcommon.obj
c:\workspace\recast-unity-server\unityserverdemo\build\vc10\debug\detouralloc.obj
c:\workspace\recast-unity-server\unityserverdemo\build\vc10\debug\recastregion.obj
c:\workspace\recast-unity-server\unityserverdemo\build\vc10\debug\recastrasterization.obj
c:\workspace\recast-unity-server\unityserverdemo\build\vc10\debug\recastmeshdetail.obj
c:\workspace\recast-unity-server\unityserverdemo\build\vc10\debug\recastmesh.obj
c:\workspace\recast-unity-server\unityserverdemo\build\vc10\debug\recastlayers.obj
c:\workspace\recast-unity-server\unityserverdemo\build\vc10\debug\recastfilter.obj
c:\workspace\recast-unity-server\unityserverdemo\build\vc10\debug\recastcontour.obj
c:\workspace\recast-unity-server\unityserverdemo\build\vc10\debug\recastarea.obj
c:\workspace\recast-unity-server\unityserverdemo\build\vc10\debug\recastalloc.obj
c:\workspace\recast-unity-server\unityserverdemo\build\vc10\debug\recast.obj
c:\workspace\recast-unity-server\unityserverdemo\build\vc10\debug\detourdebugdraw-server.obj
c:\workspace\recast-unity-server\unityserverdemo\build\vc10\debug\recastdebugdraw.obj
c:\workspace\recast-unity-server\unityserverdemo\build\vc10\debug\debugdraw.obj
c:\workspace\recast-unity-server\unityserverdemo\build\vc10\debug\valuehistory.obj
c:\workspace\recast-unity-server\unityserverdemo\build\vc10\debug\slideshow.obj
c:\workspace\recast-unity-server\unityserverdemo\build\vc10\debug\sampleinterfaces.obj
c:\workspace\recast-unity-server\unityserverdemo\build\vc10\debug\sample_solomesh.obj
c:\workspace\recast-unity-server\unityserverdemo\build\vc10\debug\sample_debug.obj
c:\workspace\recast-unity-server\unityserverdemo\build\vc10\debug\sample.obj
c:\workspace\recast-unity-server\unityserverdemo\build\vc10\debug\perftimer.obj
c:\workspace\recast-unity-server\unityserverdemo\build\vc10\debug\meshloaderobj.obj
c:\workspace\recast-unity-server\unityserverdemo\build\vc10\debug\inputgeom.obj
c:\workspace\recast-unity-server\unityserverdemo\build\vc10\debug\imgui.obj
c:\workspace\recast-unity-server\unityserverdemo\build\vc10\debug\filelist.obj
c:\workspace\recast-unity-server\unityserverdemo\build\vc10\debug\detourtilecachebuilder.obj
c:\workspace\recast-unity-server\unityserverdemo\build\vc10\debug\detourtilecache.obj
c:\workspace\recast-unity-server\unityserverdemo\build\vc10\debug\detourproximitygrid.obj
c:\workspace\recast-unity-server\unityserverdemo\build\vc10\debug\detourpathqueue.obj
c:\workspace\recast-unity-server\unityserverdemo\build\vc10\debug\detourpathcorridor.obj
c:\workspace\recast-unity-server\unityserverdemo\build\vc10\debug\detourobstacleavoidance.obj
c:\workspace\recast-unity-server\unityserverdemo\build\vc10\debug\detourlocalboundary.obj
c:\workspace\recast-unity-server\unityserverdemo\build\vc10\debug\detourcrowd.obj
c:\workspace\recast-unity-server\unityserverdemo\build\vc10\debug\recastdump.obj
c:\workspace\recast-unity-server\unityserverdemo\build\vc10\debug\recast.tlog\cl.command.1.tlog
c:\workspace\recast-unity-server\unityserverdemo\build\vc10\debug\recast.tlog\cl.read.1.tlog
c:\workspace\recast-unity-server\unityserverdemo\build\vc10\debug\recast.tlog\cl.write.1.tlog
