c:\workspace\recast-unity-server\unitybuild\vs2010\recast-unity\debug\vc140.pdb
c:\workspace\recast-unity-server\unitybuild\vs2010\recast-unity\debug\vc140.idb
c:\workspace\recast-unity-server\unitybuild\vs2010\recast-unity\debug\detournavmesh.obj
c:\workspace\recast-unity-server\unitybuild\vs2010\recast-unity\debug\detournavmeshbuilder.obj
c:\workspace\recast-unity-server\unitybuild\vs2010\recast-unity\debug\detournavmeshquery.obj
c:\workspace\recast-unity-server\unitybuild\vs2010\recast-unity\debug\detournode.obj
c:\workspace\recast-unity-server\unitybuild\vs2010\recast-unity\debug\chunkytrimesh.obj
c:\workspace\recast-unity-server\unitybuild\vs2010\recast-unity\debug\inputgeom.obj
c:\workspace\recast-unity-server\unitybuild\vs2010\recast-unity\debug\unityinputmesh.obj
c:\workspace\recast-unity-server\unitybuild\vs2010\recast-unity\debug\unitynavmesh.obj
c:\workspace\recast-unity-server\unitybuild\vs2010\recast-unity\debug\unityplugininterface.obj
c:\workspace\recast-unity-server\unitybuild\vs2010\recast-unity\debug\unitytilemesh.obj
c:\workspace\recast-unity-server\unitybuild\vs2010\recast-unity\debug\recast.obj
c:\workspace\recast-unity-server\unitybuild\vs2010\recast-unity\debug\recastalloc.obj
c:\workspace\recast-unity-server\unitybuild\vs2010\recast-unity\debug\recastarea.obj
c:\workspace\recast-unity-server\unitybuild\vs2010\recast-unity\debug\recastcontour.obj
c:\workspace\recast-unity-server\unitybuild\vs2010\recast-unity\debug\recastfilter.obj
c:\workspace\recast-unity-server\unitybuild\vs2010\recast-unity\debug\recastlayers.obj
c:\workspace\recast-unity-server\unitybuild\vs2010\recast-unity\debug\recastmesh.obj
c:\workspace\recast-unity-server\unitybuild\vs2010\recast-unity\debug\recastmeshdetail.obj
c:\workspace\recast-unity-server\unitybuild\vs2010\recast-unity\debug\recastrasterization.obj
c:\workspace\recast-unity-server\unitybuild\vs2010\recast-unity\debug\recastregion.obj
c:\workspace\recast-unity-server\unitybuild\vs2010\recast-unity\debug\debugdraw.obj
c:\workspace\recast-unity-server\unitybuild\vs2010\recast-unity\debug\detourdebugdraw.obj
c:\workspace\recast-unity-server\unitybuild\vs2010\recast-unity\debug\recastdebugdraw.obj
c:\workspace\recast-unity-server\unitybuild\vs2010\recast-unity\debug\recastdump.obj
c:\workspace\recast-unity-server\unitybuild\vs2010\recast-unity\debug\detourcrowd.obj
c:\workspace\recast-unity-server\unitybuild\vs2010\recast-unity\debug\detourlocalboundary.obj
c:\workspace\recast-unity-server\unitybuild\vs2010\recast-unity\debug\detourobstacleavoidance.obj
c:\workspace\recast-unity-server\unitybuild\vs2010\recast-unity\debug\detourpathcorridor.obj
c:\workspace\recast-unity-server\unitybuild\vs2010\recast-unity\debug\detourpathqueue.obj
c:\workspace\recast-unity-server\unitybuild\vs2010\recast-unity\debug\detourproximitygrid.obj
c:\workspace\recast-unity-server\unitybuild\vs2010\recast-unity\debug\detourtilecache.obj
c:\workspace\recast-unity-server\unitybuild\vs2010\recast-unity\debug\detourtilecachebuilder.obj
c:\workspace\recast-unity-server\unitybuild\vs2010\recast-unity\debug\detouralloc.obj
c:\workspace\recast-unity-server\unitybuild\vs2010\recast-unity\debug\detourcommon.obj
c:\workspace\recast-unity-server\unitybuild\debug\recast-unity.ilk
c:\workspace\recast-unity-server\unitybuild\debug\recast-unity.dll
c:\workspace\recast-unity-server\unitybuild\debug\recast-unity.pdb
c:\workspace\recast-unity-server\unitybuild\debug\recast-unity.lib
c:\workspace\recast-unity-server\unitybuild\debug\recast-unity.exp
c:\workspace\recast-unity-server\unitybuild\vs2010\../../unitybuild/debug\recast-unity.pdb
c:\workspace\recast-unity-server\unitybuild\vs2010\../../unitybuild/debug\recast-unity.dll
c:\workspace\recast-unity-server\unitybuild\vs2010\../../unitybuild/debug\recast-unity.ilk
c:\workspace\recast-unity-server\unitybuild\vs2010\recast-unity\debug\recast-unity.tlog\cl.command.1.tlog
c:\workspace\recast-unity-server\unitybuild\vs2010\recast-unity\debug\recast-unity.tlog\cl.read.1.tlog
c:\workspace\recast-unity-server\unitybuild\vs2010\recast-unity\debug\recast-unity.tlog\cl.write.1.tlog
c:\workspace\recast-unity-server\unitybuild\vs2010\recast-unity\debug\recast-unity.tlog\link.command.1.tlog
c:\workspace\recast-unity-server\unitybuild\vs2010\recast-unity\debug\recast-unity.tlog\link.read.1.tlog
c:\workspace\recast-unity-server\unitybuild\vs2010\recast-unity\debug\recast-unity.tlog\link.write.1.tlog
c:\workspace\recast-unity-server\unitybuild\vs2010\recast-unity\debug\recast-unity.tlog\recast-unity.write.1u.tlog
