c:\workspace\recast-unity-server\unitybuild\vs2010\recast-unity\x64\debug\vc140.pdb
c:\workspace\recast-unity-server\unitybuild\vs2010\recast-unity\x64\debug\vc140.idb
c:\workspace\recast-unity-server\unitybuild\vs2010\recast-unity\x64\debug\detournavmesh.obj
c:\workspace\recast-unity-server\unitybuild\vs2010\recast-unity\x64\debug\detournavmeshbuilder.obj
c:\workspace\recast-unity-server\unitybuild\vs2010\recast-unity\x64\debug\detournavmeshquery.obj
c:\workspace\recast-unity-server\unitybuild\vs2010\recast-unity\x64\debug\detournode.obj
c:\workspace\recast-unity-server\unitybuild\vs2010\recast-unity\x64\debug\chunkytrimesh.obj
c:\workspace\recast-unity-server\unitybuild\vs2010\recast-unity\x64\debug\inputgeom.obj
c:\workspace\recast-unity-server\unitybuild\vs2010\recast-unity\x64\debug\unityinputmesh.obj
c:\workspace\recast-unity-server\unitybuild\vs2010\recast-unity\x64\debug\unitynavmesh.obj
c:\workspace\recast-unity-server\unitybuild\vs2010\recast-unity\x64\debug\unityplugininterface.obj
c:\workspace\recast-unity-server\unitybuild\vs2010\recast-unity\x64\debug\unitytilemesh.obj
c:\workspace\recast-unity-server\unitybuild\vs2010\recast-unity\x64\debug\recast.obj
c:\workspace\recast-unity-server\unitybuild\vs2010\recast-unity\x64\debug\recastalloc.obj
c:\workspace\recast-unity-server\unitybuild\vs2010\recast-unity\x64\debug\recastarea.obj
c:\workspace\recast-unity-server\unitybuild\vs2010\recast-unity\x64\debug\recastcontour.obj
c:\workspace\recast-unity-server\unitybuild\vs2010\recast-unity\x64\debug\recastfilter.obj
c:\workspace\recast-unity-server\unitybuild\vs2010\recast-unity\x64\debug\recastlayers.obj
c:\workspace\recast-unity-server\unitybuild\vs2010\recast-unity\x64\debug\recastmesh.obj
c:\workspace\recast-unity-server\unitybuild\vs2010\recast-unity\x64\debug\recastmeshdetail.obj
c:\workspace\recast-unity-server\unitybuild\vs2010\recast-unity\x64\debug\recastrasterization.obj
c:\workspace\recast-unity-server\unitybuild\vs2010\recast-unity\x64\debug\recastregion.obj
c:\workspace\recast-unity-server\unitybuild\vs2010\recast-unity\x64\debug\debugdraw.obj
c:\workspace\recast-unity-server\unitybuild\vs2010\recast-unity\x64\debug\detourdebugdraw.obj
c:\workspace\recast-unity-server\unitybuild\vs2010\recast-unity\x64\debug\recastdebugdraw.obj
c:\workspace\recast-unity-server\unitybuild\vs2010\recast-unity\x64\debug\recastdump.obj
c:\workspace\recast-unity-server\unitybuild\vs2010\recast-unity\x64\debug\detourcrowd.obj
c:\workspace\recast-unity-server\unitybuild\vs2010\recast-unity\x64\debug\detourlocalboundary.obj
c:\workspace\recast-unity-server\unitybuild\vs2010\recast-unity\x64\debug\detourobstacleavoidance.obj
c:\workspace\recast-unity-server\unitybuild\vs2010\recast-unity\x64\debug\detourpathcorridor.obj
c:\workspace\recast-unity-server\unitybuild\vs2010\recast-unity\x64\debug\detourpathqueue.obj
c:\workspace\recast-unity-server\unitybuild\vs2010\recast-unity\x64\debug\detourproximitygrid.obj
c:\workspace\recast-unity-server\unitybuild\vs2010\recast-unity\x64\debug\detourtilecache.obj
c:\workspace\recast-unity-server\unitybuild\vs2010\recast-unity\x64\debug\detourtilecachebuilder.obj
c:\workspace\recast-unity-server\unitybuild\vs2010\recast-unity\x64\debug\detouralloc.obj
c:\workspace\recast-unity-server\unitybuild\vs2010\recast-unity\x64\debug\detourcommon.obj
c:\workspace\recast-unity-server\unitybuild\vs2010\x64\debug\recast-unity.lib
c:\workspace\recast-unity-server\unitybuild\vs2010\x64\debug\recast-unity.exp
c:\workspace\recast-unity-server\unitybuild\vs2010\x64\debug\recast-unity.pdb
c:\workspace\recast-unity-server\unitybuild\vs2010\x64\debug\recast-unity.dll
c:\workspace\recast-unity-server\unitybuild\vs2010\recast-unity\x64\debug\recast-unity.tlog\cl.command.1.tlog
c:\workspace\recast-unity-server\unitybuild\vs2010\recast-unity\x64\debug\recast-unity.tlog\cl.read.1.tlog
c:\workspace\recast-unity-server\unitybuild\vs2010\recast-unity\x64\debug\recast-unity.tlog\cl.write.1.tlog
c:\workspace\recast-unity-server\unitybuild\vs2010\recast-unity\x64\debug\recast-unity.tlog\link.5448.read.1.tlog
c:\workspace\recast-unity-server\unitybuild\vs2010\recast-unity\x64\debug\recast-unity.tlog\link.5448.write.1.tlog
c:\workspace\recast-unity-server\unitybuild\vs2010\recast-unity\x64\debug\recast-unity.tlog\link.command.1.tlog
c:\workspace\recast-unity-server\unitybuild\vs2010\recast-unity\x64\debug\recast-unity.tlog\link.read.1.tlog
c:\workspace\recast-unity-server\unitybuild\vs2010\recast-unity\x64\debug\recast-unity.tlog\link.write.1.tlog
c:\workspace\recast-unity-server\unitybuild\vs2010\recast-unity\x64\debug\recast-unity.tlog\recast-unity.write.1u.tlog
