  RecastRegion.cpp
  RecastRasterization.cpp
  RecastMeshDetail.cpp
  RecastMesh.cpp
  RecastLayers.cpp
  RecastFilter.cpp
  RecastContour.cpp
  RecastArea.cpp
  RecastAlloc.cpp
  Recast.cpp
  UnityTileMesh.cpp
  UnityPluginInterface.cpp
f:\unity\raycast\interface\unityplugininterface.cpp(255): warning C4018: “>=”: 有符号/无符号不匹配
f:\unity\raycast\interface\unityplugininterface.cpp(306): warning C4018: “>=”: 有符号/无符号不匹配
  UnityNavMesh.cpp
f:\unity\raycast\detourcrowd\include\detourcrowd.h(170): warning C4244: “return”: 从“__int64”转换到“int”，可能丢失数据
f:\unity\raycast\interface\unitynavmesh.cpp(432): warning C4996: '_snprintf': This function or variable may be unsafe. Consider using _snprintf_s instead. To disable deprecation, use _CRT_SECURE_NO_WARNINGS. See online help for details.
  c:\program files (x86)\windows kits\10\include\10.0.10240.0\ucrt\stdio.h(1952): note: 参见“_snprintf”的声明
  UnityInputMesh.cpp
f:\unity\raycast\interface\unityinputmesh.cpp(142): warning C4996: 'fopen': This function or variable may be unsafe. Consider using fopen_s instead. To disable deprecation, use _CRT_SECURE_NO_WARNINGS. See online help for details.
  c:\program files (x86)\windows kits\10\include\10.0.10240.0\ucrt\stdio.h(205): note: 参见“fopen”的声明
f:\unity\raycast\interface\unityinputmesh.cpp(182): warning C4996: 'sscanf': This function or variable may be unsafe. Consider using sscanf_s instead. To disable deprecation, use _CRT_SECURE_NO_WARNINGS. See online help for details.
  c:\program files (x86)\windows kits\10\include\10.0.10240.0\ucrt\stdio.h(2254): note: 参见“sscanf”的声明
f:\unity\raycast\interface\unityinputmesh.cpp(230): warning C4996: 'strncpy': This function or variable may be unsafe. Consider using strncpy_s instead. To disable deprecation, use _CRT_SECURE_NO_WARNINGS. See online help for details.
  c:\program files (x86)\windows kits\10\include\10.0.10240.0\ucrt\string.h(346): note: 参见“strncpy”的声明
  InputGeom.cpp
f:\unity\raycast\interface\inputgeom.cpp(168): warning C4996: 'strcpy': This function or variable may be unsafe. Consider using strcpy_s instead. To disable deprecation, use _CRT_SECURE_NO_WARNINGS. See online help for details.
  c:\program files (x86)\windows kits\10\include\10.0.10240.0\ucrt\string.h(119): note: 参见“strcpy”的声明
f:\unity\raycast\interface\inputgeom.cpp(196): warning C4996: 'fopen': This function or variable may be unsafe. Consider using fopen_s instead. To disable deprecation, use _CRT_SECURE_NO_WARNINGS. See online help for details.
  c:\program files (x86)\windows kits\10\include\10.0.10240.0\ucrt\stdio.h(205): note: 参见“fopen”的声明
f:\unity\raycast\interface\inputgeom.cpp(253): warning C4996: 'sscanf': This function or variable may be unsafe. Consider using sscanf_s instead. To disable deprecation, use _CRT_SECURE_NO_WARNINGS. See online help for details.
  c:\program files (x86)\windows kits\10\include\10.0.10240.0\ucrt\stdio.h(2254): note: 参见“sscanf”的声明
f:\unity\raycast\interface\inputgeom.cpp(268): warning C4996: 'sscanf': This function or variable may be unsafe. Consider using sscanf_s instead. To disable deprecation, use _CRT_SECURE_NO_WARNINGS. See online help for details.
  c:\program files (x86)\windows kits\10\include\10.0.10240.0\ucrt\stdio.h(2254): note: 参见“sscanf”的声明
f:\unity\raycast\interface\inputgeom.cpp(273): warning C4996: 'sscanf': This function or variable may be unsafe. Consider using sscanf_s instead. To disable deprecation, use _CRT_SECURE_NO_WARNINGS. See online help for details.
  c:\program files (x86)\windows kits\10\include\10.0.10240.0\ucrt\stdio.h(2254): note: 参见“sscanf”的声明
f:\unity\raycast\interface\inputgeom.cpp(288): warning C4996: 'fopen': This function or variable may be unsafe. Consider using fopen_s instead. To disable deprecation, use _CRT_SECURE_NO_WARNINGS. See online help for details.
  c:\program files (x86)\windows kits\10\include\10.0.10240.0\ucrt\stdio.h(205): note: 参见“fopen”的声明
  ChunkyTriMesh.cpp
  DetourNode.cpp
  DetourNavMeshQuery.cpp
  DetourNavMeshBuilder.cpp
  DetourNavMesh.cpp
f:\unity\raycast\detour\source\detournavmesh.cpp(1129): warning C4244: “初始化”: 从“__int64”转换到“unsigned int”，可能丢失数据
f:\unity\raycast\detour\source\detournavmesh.cpp(1129): warning C4244: “初始化”: 从“__int64”转换到“const unsigned int”，可能丢失数据
f:\unity\raycast\detour\source\detournavmesh.cpp(1136): warning C4244: “初始化”: 从“__int64”转换到“unsigned int”，可能丢失数据
f:\unity\raycast\detour\source\detournavmesh.cpp(1136): warning C4244: “初始化”: 从“__int64”转换到“const unsigned int”，可能丢失数据
  正在生成代码...
  正在编译...
  DetourCommon.cpp
  DetourAlloc.cpp
  DetourTileCacheBuilder.cpp
  DetourTileCache.cpp
f:\unity\raycast\detourtilecache\source\detourtilecache.cpp(211): warning C4244: “初始化”: 从“__int64”转换到“unsigned int”，可能丢失数据
f:\unity\raycast\detourtilecache\source\detourtilecache.cpp(211): warning C4244: “初始化”: 从“__int64”转换到“const unsigned int”，可能丢失数据
f:\unity\raycast\detourtilecache\source\detourtilecache.cpp(218): warning C4244: “初始化”: 从“__int64”转换到“unsigned int”，可能丢失数据
f:\unity\raycast\detourtilecache\source\detourtilecache.cpp(218): warning C4244: “初始化”: 从“__int64”转换到“const unsigned int”，可能丢失数据
  DetourProximityGrid.cpp
  DetourPathQueue.cpp
  DetourPathCorridor.cpp
  DetourObstacleAvoidance.cpp
  DetourLocalBoundary.cpp
  DetourCrowd.cpp
f:\unity\raycast\detourcrowd\include\detourcrowd.h(170): warning C4244: “return”: 从“__int64”转换到“int”，可能丢失数据
f:\unity\raycast\detourcrowd\source\detourcrowd.cpp(858): warning C4244: “初始化”: 从“__int64”转换到“int”，可能丢失数据
f:\unity\raycast\detourcrowd\source\detourcrowd.cpp(858): warning C4244: “初始化”: 从“__int64”转换到“const int”，可能丢失数据
  RecastDump.cpp
  RecastDebugDraw.cpp
  DetourDebugDraw.cpp
  DebugDraw.cpp
  正在生成代码...
    正在创建库 F:\Unity\RayCast\UnityBuild\VS2010\x64\Debug\recast-unity.lib 和对象 F:\Unity\RayCast\UnityBuild\VS2010\x64\Debug\recast-unity.exp
  recast-unity.vcxproj -> F:\Unity\RayCast\UnityBuild\VS2010\x64\Debug\recast-unity.dll
  recast-unity.vcxproj -> F:\Unity\RayCast\UnityBuild\VS2010\x64\Debug\recast-unity.pdb (Partial PDB)
