c:\workspace\recast-unity-server\unitybuild\vs2010\recast-unity\release\vc140.pdb
c:\workspace\recast-unity-server\unitybuild\vs2010\recast-unity\release\inputgeom.obj
c:\workspace\recast-unity-server\unitybuild\vs2010\recast-unity\release\chunkytrimesh.obj
c:\workspace\recast-unity-server\unitybuild\vs2010\recast-unity\release\detournode.obj
c:\workspace\recast-unity-server\unitybuild\vs2010\recast-unity\release\detournavmeshquery.obj
c:\workspace\recast-unity-server\unitybuild\vs2010\recast-unity\release\detournavmeshbuilder.obj
c:\workspace\recast-unity-server\unitybuild\vs2010\recast-unity\release\detournavmesh.obj
c:\workspace\recast-unity-server\unitybuild\vs2010\recast-unity\release\detourcommon.obj
c:\workspace\recast-unity-server\unitybuild\vs2010\recast-unity\release\detouralloc.obj
c:\workspace\recast-unity-server\unitybuild\vs2010\recast-unity\release\detourtilecachebuilder.obj
c:\workspace\recast-unity-server\unitybuild\vs2010\recast-unity\release\detourtilecache.obj
c:\workspace\recast-unity-server\unitybuild\vs2010\recast-unity\release\detourproximitygrid.obj
c:\workspace\recast-unity-server\unitybuild\vs2010\recast-unity\release\detourpathqueue.obj
c:\workspace\recast-unity-server\unitybuild\vs2010\recast-unity\release\detourpathcorridor.obj
c:\workspace\recast-unity-server\unitybuild\vs2010\recast-unity\release\detourobstacleavoidance.obj
c:\workspace\recast-unity-server\unitybuild\vs2010\recast-unity\release\detourlocalboundary.obj
c:\workspace\recast-unity-server\unitybuild\vs2010\recast-unity\release\detourcrowd.obj
c:\workspace\recast-unity-server\unitybuild\vs2010\recast-unity\release\recastdump.obj
c:\workspace\recast-unity-server\unitybuild\vs2010\recast-unity\release\recastdebugdraw.obj
c:\workspace\recast-unity-server\unitybuild\vs2010\recast-unity\release\detourdebugdraw.obj
c:\workspace\recast-unity-server\unitybuild\vs2010\recast-unity\release\debugdraw.obj
c:\workspace\recast-unity-server\unitybuild\vs2010\recast-unity\release\recastregion.obj
c:\workspace\recast-unity-server\unitybuild\vs2010\recast-unity\release\recastrasterization.obj
c:\workspace\recast-unity-server\unitybuild\vs2010\recast-unity\release\recastmeshdetail.obj
c:\workspace\recast-unity-server\unitybuild\vs2010\recast-unity\release\recastmesh.obj
c:\workspace\recast-unity-server\unitybuild\vs2010\recast-unity\release\recastlayers.obj
c:\workspace\recast-unity-server\unitybuild\vs2010\recast-unity\release\recastfilter.obj
c:\workspace\recast-unity-server\unitybuild\vs2010\recast-unity\release\recastcontour.obj
c:\workspace\recast-unity-server\unitybuild\vs2010\recast-unity\release\recastarea.obj
c:\workspace\recast-unity-server\unitybuild\vs2010\recast-unity\release\recastalloc.obj
c:\workspace\recast-unity-server\unitybuild\vs2010\recast-unity\release\recast.obj
c:\workspace\recast-unity-server\unitybuild\vs2010\recast-unity\release\unitytilemesh.obj
c:\workspace\recast-unity-server\unitybuild\vs2010\recast-unity\release\unityplugininterface.obj
c:\workspace\recast-unity-server\unitybuild\vs2010\recast-unity\release\unitynavmesh.obj
c:\workspace\recast-unity-server\unitybuild\vs2010\recast-unity\release\unityinputmesh.obj
c:\workspace\recast-unity-server\unitybuild\release\recast-unity.dll
c:\workspace\recast-unity-server\unitybuild\release\recast-unity.pdb
c:\workspace\recast-unity-server\unitybuild\release\recast-unity.lib
c:\workspace\recast-unity-server\unitybuild\release\recast-unity.exp
c:\workspace\recast-unity-server\unitybuild\vs2010\../../unitybuild/release\recast-unity.pdb
c:\workspace\recast-unity-server\unitybuild\vs2010\../../unitybuild/release\recast-unity.dll
c:\workspace\recast-unity-server\unitybuild\vs2010\recast-unity\release\recast-unity.tlog\cl.command.1.tlog
c:\workspace\recast-unity-server\unitybuild\vs2010\recast-unity\release\recast-unity.tlog\cl.read.1.tlog
c:\workspace\recast-unity-server\unitybuild\vs2010\recast-unity\release\recast-unity.tlog\cl.write.1.tlog
c:\workspace\recast-unity-server\unitybuild\vs2010\recast-unity\release\recast-unity.tlog\link.command.1.tlog
c:\workspace\recast-unity-server\unitybuild\vs2010\recast-unity\release\recast-unity.tlog\link.read.1.tlog
c:\workspace\recast-unity-server\unitybuild\vs2010\recast-unity\release\recast-unity.tlog\link.write.1.tlog
c:\workspace\recast-unity-server\unitybuild\vs2010\recast-unity\release\recast-unity.tlog\recast-unity.write.1u.tlog
